<?xml version="1.0" encoding="UTF-8"?>
<testng-results skipped="0" failed="0" ignored="0" total="1" passed="1">
  <reporter-output>
  </reporter-output>
  <suite name="Suite" duration-ms="3555" started-at="2020-08-12T00:06:42 CEST" finished-at="2020-08-12T00:06:45 CEST">
    <groups>
    </groups>
    <test name="Test" duration-ms="3555" started-at="2020-08-12T00:06:42 CEST" finished-at="2020-08-12T00:06:45 CEST">
      <class name="data.driven.tests.Tests_ZDataDrivenExamples1">
        <test-method status="PASS" signature="test_2_delete(int)[pri:0, instance:data.driven.tests.Tests_ZDataDrivenExamples1@79be0360]" name="test_2_delete" duration-ms="3480" started-at="2020-08-12T00:06:42 CEST" finished-at="2020-08-12T00:06:45 CEST">
          <params>
            <param index="0">
              <value>
                <![CDATA[2]]>
              </value>
            </param>
          </params>
          <reporter-output>
          </reporter-output>
        </test-method> <!-- test_2_delete -->
      </class> <!-- data.driven.tests.Tests_ZDataDrivenExamples1 -->
    </test> <!-- Test -->
  </suite> <!-- Suite -->
</testng-results>
